<?xml version="1.0" encoding="UTF-8"?>
<!-- Generated by org.testng.reporters.JUnitReportReporter -->
<testsuite skipped="0" hostname="MGALAL-TECH" name="SarmadyTest.SeleniumTest" tests="1" failures="0" timestamp="2020-01-13T12:22:16 EET" time="0.001" errors="0">
  <testcase name="selenium" time="0.001" classname="SarmadyTest.SeleniumTest"/>
</testsuite> <!-- SarmadyTest.SeleniumTest -->
