<?xml version="1.0" encoding="UTF-8"?>
<!-- Generated by org.testng.reporters.JUnitReportReporter -->
<testsuite skipped="0" hostname="MGALAL-TECH" name="SarmadyTest.AppiumTest" tests="1" failures="0" timestamp="2020-01-13T12:39:45 EET" time="0.007" errors="0">
  <testcase name="appium" time="0.007" classname="SarmadyTest.AppiumTest"/>
</testsuite> <!-- SarmadyTest.AppiumTest -->
